2024-12-02 21:15:21,011 - INFO - API connection successful
2024-12-02 21:15:21,012 - INFO - Risk manager started
2024-12-02 21:15:21,012 - INFO - 
Checking account status at 2024-12-02 21:15:21.012751...
2024-12-02 21:15:24,029 - INFO - USD Balance: 250.0
2024-12-02 21:15:27,020 - INFO - No open positions.
2024-12-02 21:15:27,020 - INFO - Next update in 15 minutes...
2024-12-02 21:30:27,121 - INFO - 
Checking account status at 2024-12-02 21:30:27.121072...
2024-12-02 21:30:27,134 - ERROR - Error fetching balance: kraken POST https://api.kraken.com/0/private/BalanceEx
2024-12-02 21:30:30,301 - INFO - No open positions.
2024-12-02 21:30:30,302 - INFO - Next update in 15 minutes...
2024-12-02 21:45:30,402 - INFO - 
Checking account status at 2024-12-02 21:45:30.402351...
2024-12-02 21:45:30,409 - ERROR - Error fetching balance: kraken POST https://api.kraken.com/0/private/BalanceEx
2024-12-02 21:45:33,693 - INFO - No open positions.
2024-12-02 21:45:33,693 - INFO - Next update in 15 minutes...
2024-12-02 22:00:33,761 - INFO - 
Checking account status at 2024-12-02 22:00:33.761556...
2024-12-02 22:00:33,774 - ERROR - Error fetching balance: kraken POST https://api.kraken.com/0/private/BalanceEx
2024-12-02 22:00:36,964 - INFO - No open positions.
2024-12-02 22:00:36,965 - INFO - Next update in 15 minutes...
2024-12-02 22:15:37,008 - INFO - 
Checking account status at 2024-12-02 22:15:37.007945...
2024-12-02 22:15:37,022 - ERROR - Error fetching balance: kraken POST https://api.kraken.com/0/private/BalanceEx
2024-12-02 22:15:40,203 - INFO - No open positions.
2024-12-02 22:15:40,204 - INFO - Next update in 15 minutes...
2024-12-02 22:30:40,240 - INFO - 
Checking account status at 2024-12-02 22:30:40.240403...
2024-12-02 22:30:40,254 - ERROR - Error fetching balance: kraken POST https://api.kraken.com/0/private/BalanceEx
2024-12-02 22:30:43,431 - INFO - No open positions.
2024-12-02 22:30:43,431 - INFO - Next update in 15 minutes...
2024-12-02 22:45:43,449 - INFO - 
Checking account status at 2024-12-02 22:45:43.449617...
2024-12-02 22:45:43,456 - ERROR - Error fetching balance: kraken POST https://api.kraken.com/0/private/BalanceEx
2024-12-02 22:45:46,836 - INFO - No open positions.
2024-12-02 22:45:46,837 - INFO - Next update in 15 minutes...
2024-12-02 23:00:46,937 - INFO - 
Checking account status at 2024-12-02 23:00:46.937315...
2024-12-02 23:00:46,948 - ERROR - Error fetching balance: kraken POST https://api.kraken.com/0/private/BalanceEx
2024-12-02 23:00:50,123 - INFO - No open positions.
2024-12-02 23:00:50,124 - INFO - Next update in 15 minutes...
2024-12-02 23:15:50,224 - INFO - 
Checking account status at 2024-12-02 23:15:50.224379...
2024-12-02 23:15:50,238 - ERROR - Error fetching balance: kraken POST https://api.kraken.com/0/private/BalanceEx
2024-12-02 23:15:53,404 - INFO - No open positions.
2024-12-02 23:15:53,404 - INFO - Next update in 15 minutes...
2024-12-02 23:30:53,486 - INFO - 
Checking account status at 2024-12-02 23:30:53.486514...
2024-12-02 23:30:53,492 - ERROR - Error fetching balance: kraken POST https://api.kraken.com/0/private/BalanceEx
2024-12-02 23:30:56,670 - INFO - No open positions.
2024-12-02 23:30:56,671 - INFO - Next update in 15 minutes...
2024-12-02 23:45:56,772 - INFO - 
Checking account status at 2024-12-02 23:45:56.772191...
2024-12-02 23:45:56,775 - ERROR - Error fetching balance: kraken POST https://api.kraken.com/0/private/BalanceEx
2024-12-02 23:46:00,013 - INFO - No open positions.
2024-12-02 23:46:00,014 - INFO - Next update in 15 minutes...
2024-12-03 00:01:00,112 - INFO - 
Checking account status at 2024-12-03 00:01:00.112474...
2024-12-03 00:01:00,115 - ERROR - Error fetching balance: kraken POST https://api.kraken.com/0/private/BalanceEx
2024-12-03 00:01:03,317 - INFO - No open positions.
2024-12-03 00:01:03,318 - INFO - Next update in 15 minutes...
2024-12-03 00:16:03,367 - INFO - 
Checking account status at 2024-12-03 00:16:03.366953...
2024-12-03 00:16:03,389 - ERROR - Error fetching balance: kraken POST https://api.kraken.com/0/private/BalanceEx
2024-12-03 00:16:06,540 - INFO - No open positions.
2024-12-03 00:16:06,540 - INFO - Next update in 15 minutes...
2024-12-03 00:31:06,641 - INFO - 
Checking account status at 2024-12-03 00:31:06.640829...
2024-12-03 00:31:06,656 - ERROR - Error fetching balance: kraken POST https://api.kraken.com/0/private/BalanceEx
2024-12-03 00:31:09,821 - INFO - No open positions.
2024-12-03 00:31:09,822 - INFO - Next update in 15 minutes...
2024-12-03 00:46:09,922 - INFO - 
Checking account status at 2024-12-03 00:46:09.922854...
2024-12-03 00:46:09,936 - ERROR - Error fetching balance: kraken POST https://api.kraken.com/0/private/BalanceEx
2024-12-03 00:46:13,104 - INFO - No open positions.
2024-12-03 00:46:13,104 - INFO - Next update in 15 minutes...
2024-12-03 01:01:13,205 - INFO - 
Checking account status at 2024-12-03 01:01:13.205506...
2024-12-03 01:01:13,212 - ERROR - Error fetching balance: kraken POST https://api.kraken.com/0/private/BalanceEx
2024-12-03 01:01:16,385 - INFO - No open positions.
2024-12-03 01:01:16,385 - INFO - Next update in 15 minutes...
2024-12-03 01:16:16,486 - INFO - 
Checking account status at 2024-12-03 01:16:16.486140...
2024-12-03 01:16:16,494 - ERROR - Error fetching balance: kraken POST https://api.kraken.com/0/private/BalanceEx
2024-12-03 01:16:19,654 - INFO - No open positions.
2024-12-03 01:16:19,654 - INFO - Next update in 15 minutes...
2024-12-03 01:31:19,755 - INFO - 
Checking account status at 2024-12-03 01:31:19.754997...
2024-12-03 01:31:19,770 - ERROR - Error fetching balance: kraken POST https://api.kraken.com/0/private/BalanceEx
2024-12-03 01:31:22,946 - INFO - No open positions.
2024-12-03 01:31:22,946 - INFO - Next update in 15 minutes...
2024-12-03 10:51:34,695 - INFO - API connection successful
2024-12-03 10:51:34,695 - INFO - Risk manager started
2024-12-03 10:51:34,695 - INFO - 
Checking account status at 2024-12-03 10:51:34.695379...
2024-12-03 10:51:37,903 - INFO - USD Balance: 250.0
2024-12-03 10:51:40,706 - INFO - No open positions.
2024-12-03 10:51:40,706 - INFO - Next update in 15 minutes...
2024-12-03 11:06:40,807 - INFO - 
Checking account status at 2024-12-03 11:06:40.807189...
2024-12-03 11:06:40,811 - ERROR - Error fetching balance: kraken POST https://api.kraken.com/0/private/BalanceEx
2024-12-03 11:06:43,984 - INFO - No open positions.
2024-12-03 11:06:43,984 - INFO - Next update in 15 minutes...
2024-12-03 11:21:44,028 - INFO - 
Checking account status at 2024-12-03 11:21:44.028313...
2024-12-03 11:21:44,041 - ERROR - Error fetching balance: kraken POST https://api.kraken.com/0/private/BalanceEx
2024-12-03 11:21:47,215 - INFO - No open positions.
2024-12-03 11:21:47,216 - INFO - Next update in 15 minutes...
2024-12-03 13:14:58,179 - INFO - API connection successful
2024-12-03 13:14:58,180 - INFO - Risk manager started
2024-12-03 13:14:58,180 - INFO - 
Checking account status at 2024-12-03 13:14:58.180622...
2024-12-03 13:14:58,181 - INFO - Attempting to fetch balance...
2024-12-03 13:15:01,061 - INFO - USD Balance: 250.0
2024-12-03 13:15:04,069 - INFO - No open positions.
2024-12-03 13:15:04,069 - INFO - Next update in 15 minutes...
2024-12-03 13:30:04,170 - INFO - 
Checking account status at 2024-12-03 13:30:04.169784...
2024-12-03 13:30:04,171 - INFO - Attempting to fetch balance...
2024-12-03 13:30:04,184 - ERROR - Network error: kraken POST https://api.kraken.com/0/private/BalanceEx
2024-12-03 13:30:11,363 - INFO - No open positions.
2024-12-03 13:30:11,363 - INFO - Next update in 15 minutes...
2024-12-03 13:32:32,682 - INFO - API connection successful
2024-12-03 13:32:32,683 - INFO - Risk manager started
2024-12-03 13:32:32,683 - INFO - 
Checking account status at 2024-12-03 13:32:32.683802...
2024-12-03 13:32:32,684 - INFO - Attempting to fetch balance...
2024-12-03 13:32:35,643 - INFO - USD Balance: 250.0
2024-12-03 13:32:38,645 - INFO - No open positions.
2024-12-03 13:32:38,645 - INFO - Next update in 15 minutes...
2024-12-03 13:33:38,706 - INFO - 
Checking account status at 2024-12-03 13:33:38.706037...
2024-12-03 13:33:38,706 - INFO - Attempting to fetch balance...
2024-12-03 13:33:38,864 - INFO - USD Balance: 250.0
2024-12-03 13:33:42,090 - INFO - No open positions.
2024-12-03 13:33:42,091 - INFO - Next update in 15 minutes...
2024-12-03 13:34:21,057 - INFO - API connection successful
2024-12-03 13:34:21,058 - INFO - Risk manager started
2024-12-03 13:34:21,058 - INFO - 
Checking account status at 2024-12-03 13:34:21.058285...
2024-12-03 13:34:21,058 - INFO - Attempting to fetch balance...
2024-12-03 13:34:24,047 - INFO - USD Balance: 250.0
2024-12-03 13:34:27,049 - INFO - No open positions.
2024-12-03 13:34:27,050 - INFO - Next update in 15 minutes...
2024-12-03 13:49:27,151 - INFO - 
Checking account status at 2024-12-03 13:49:27.150763...
2024-12-03 13:49:27,151 - INFO - Attempting to fetch balance...
2024-12-03 13:49:27,158 - ERROR - Network error: kraken POST https://api.kraken.com/0/private/BalanceEx
2024-12-03 13:49:34,371 - INFO - No open positions.
2024-12-03 13:49:34,371 - INFO - Next update in 15 minutes...
2024-12-03 14:01:55,072 - INFO - API connection successful
2024-12-03 14:01:55,072 - INFO - Risk manager started
2024-12-03 14:01:55,073 - INFO - 
Checking account status at 2024-12-03 14:01:55.073116...
2024-12-03 14:01:55,073 - INFO - Attempting to fetch balance...
2024-12-03 14:01:58,234 - INFO - USD Balance: 250.0
2024-12-03 14:02:04,370 - INFO - No open positions.
2024-12-03 14:02:04,370 - INFO - Next update in 15 minutes...
