2024-12-02 17:51:53,409 - INFO - Bot started! Running strategy on ETH/USD
2024-12-02 17:51:53,409 - INFO - Timeframe: 4h
2024-12-02 17:51:53,409 - INFO - Trade amount: $1
2024-12-02 17:51:57,544 - INFO - Checking for trade opportunities... 2024-12-02 17:51:57.544718
2024-12-02 21:00:01,338 - INFO - Checking for trade opportunities... 2024-12-02 21:00:01.336367
2024-12-02 21:00:01,372 - ERROR - Error fetching data: kraken GET https://api.kraken.com/0/public/OHLC?pair=XETHZUSD&interval=240
2024-12-02 21:00:01,373 - WARNING - Insufficient data to run strategy
2024-12-02 21:10:13,381 - INFO - Shutdown signal received. Cleaning up...
2024-12-02 21:10:21,547 - INFO - Shutdown signal received. Cleaning up...
2024-12-02 21:10:22,836 - INFO - Shutdown signal received. Cleaning up...
2024-12-02 21:10:43,613 - INFO - Shutdown signal received. Cleaning up...
2024-12-02 21:10:44,697 - INFO - Shutdown signal received. Cleaning up...
2024-12-02 21:10:46,786 - INFO - Shutdown signal received. Cleaning up...
2024-12-02 21:10:47,130 - INFO - Shutdown signal received. Cleaning up...
2024-12-02 21:10:47,526 - INFO - Shutdown signal received. Cleaning up...
2024-12-02 21:11:33,962 - INFO - Shutdown signal received. Cleaning up...
2024-12-02 21:11:34,663 - INFO - Shutdown signal received. Cleaning up...
2024-12-02 21:11:35,928 - INFO - Shutdown signal received. Cleaning up...
2024-12-02 21:12:22,805 - INFO - Bot started! Running strategy on ETH/USD
2024-12-02 21:12:22,805 - INFO - Timeframe: 4h
2024-12-02 21:12:22,805 - INFO - Trade amount: $1
2024-12-02 21:12:26,941 - INFO - Checking for trade opportunities... 2024-12-02 21:12:26.941865
2024-12-03 01:00:01,300 - INFO - Checking for trade opportunities... 2024-12-03 01:00:01.299001
2024-12-03 01:00:01,308 - ERROR - Network error when fetching data: kraken GET https://api.kraken.com/0/public/OHLC?pair=XETHZUSD&interval=240
2024-12-03 01:00:01,308 - WARNING - Insufficient data to run strategy
2024-12-03 01:38:44,146 - INFO - Shutdown signal received. Cleaning up...
2024-12-03 16:20:10,030 - INFO - Bot started! Running strategy on ETH/USD
2024-12-03 16:20:10,031 - INFO - Timeframe: 4h
2024-12-03 16:20:10,031 - INFO - Trade amount: $1
2024-12-03 19:59:00,025 - WARNING - Failed to wake API (attempt 1/3), retrying...
2024-12-03 20:00:00,285 - INFO - Checking for trade opportunities... 2024-12-03 16:20:14.167759
2024-12-03 20:24:54,673 - INFO - Shutdown signal received. Cleaning up...
2024-12-03 20:24:58,282 - INFO - Bot started! Running strategy on ETH/USD
2024-12-03 20:24:58,282 - INFO - Timeframe: 4h
2024-12-03 20:24:58,282 - INFO - Trade amount: $1
2024-12-03 23:59:00,109 - WARNING - Failed to wake API (attempt 1/3), retrying...
2024-12-04 00:00:00,355 - INFO - Checking for trade opportunities... 2024-12-03 20:25:02.423398
2024-12-04 03:59:00,020 - WARNING - Failed to wake API (attempt 1/3), retrying...
2024-12-04 04:00:00,253 - INFO - Checking for trade opportunities... 2024-12-04 00:00:00.558507
2024-12-04 07:59:00,107 - WARNING - Failed to wake API (attempt 1/3), retrying...
2024-12-04 08:00:00,356 - INFO - Checking for trade opportunities... 2024-12-04 04:00:00.463885
2024-12-04 11:59:00,120 - WARNING - Failed to wake API (attempt 1/3), retrying...
2024-12-04 12:00:02,055 - INFO - Checking for trade opportunities... 2024-12-04 08:00:00.577310
2024-12-04 15:59:00,119 - WARNING - Failed to wake API (attempt 1/3), retrying...
2024-12-04 16:00:00,408 - INFO - Checking for trade opportunities... 2024-12-04 12:00:02.274831
2024-12-04 19:59:00,089 - WARNING - Failed to wake API (attempt 1/3), retrying...
2024-12-04 20:00:00,364 - INFO - Checking for trade opportunities... 2024-12-04 16:00:00.641413
2024-12-04 23:59:00,016 - WARNING - Failed to wake API (attempt 1/3), retrying...
2024-12-05 00:00:00,263 - INFO - Checking for trade opportunities... 2024-12-04 20:00:00.583129
2024-12-05 03:59:00,114 - WARNING - Failed to wake API (attempt 1/3), retrying...
2024-12-05 04:00:00,357 - INFO - Checking for trade opportunities... 2024-12-05 00:00:00.498100
2024-12-05 04:00:01,619 - ERROR - Error executing trade: kraken {"error":["EGeneral:Invalid arguments:volume minimum not met"]}
2024-12-05 07:59:00,021 - WARNING - Failed to wake API (attempt 1/3), retrying...
2024-12-05 08:00:00,355 - INFO - Checking for trade opportunities... 2024-12-05 04:00:01.619526
2024-12-05 11:59:00,073 - WARNING - Failed to wake API (attempt 1/3), retrying...
2024-12-05 12:00:00,337 - INFO - Checking for trade opportunities... 2024-12-05 08:00:00.613915
2024-12-05 15:17:20,624 - INFO - Shutdown signal received. Cleaning up...
