2024-12-08 19:18:48,131 - INFO - Bot started! Running strategy on ETH/USD
2024-12-08 19:18:48,131 - INFO - Timeframe: 4h
2024-12-08 19:18:48,131 - INFO - Trade amount: 0.002 ETH
2024-12-08 19:18:52,336 - INFO - Checking for trade opportunities... 2024-12-08 19:18:52.336710
2024-12-08 19:22:54,652 - INFO - Checking for trade opportunities... 2024-12-08 19:22:54.652589
2024-12-08 19:26:54,871 - INFO - Checking for trade opportunities... 2024-12-08 19:26:54.871506
2024-12-08 19:29:24,965 - INFO - Shutdown signal received. Cleaning up...
2024-12-08 19:30:09,346 - INFO - Bot started! Running strategy on ETH/USD
2024-12-08 19:30:09,346 - INFO - Timeframe: 4h
2024-12-08 19:30:09,346 - INFO - Trade amount: 0.002 ETH
2024-12-08 19:48:48,871 - INFO - Shutdown signal received. Cleaning up...
2024-12-08 19:51:05,209 - INFO - Bot started on ETH/USD, timeframe 4h
2024-12-08 23:00:00,103 - ERROR - Network error when fetching data: kraken GET https://api.kraken.com/0/public/OHLC?pair=XETHZUSD&interval=240
2024-12-08 23:00:00,103 - WARNING - Insufficient data to run strategy
2024-12-09 00:28:11,372 - INFO - Shutdown signal received. Cleaning up...
2024-12-09 00:31:16,575 - INFO - Bot started on ETH/USD, timeframe 4h
2024-12-09 00:31:16,768 - INFO - API woken up successfully
2024-12-09 00:31:19,902 - INFO - Waiting for next cycle...
2024-12-09 04:31:19,912 - ERROR - Failed to wake up API on attempt 1: kraken GET https://api.kraken.com/0/public/Time
2024-12-09 04:31:19,912 - INFO - Retrying in 5 seconds...
2024-12-09 04:31:25,280 - INFO - API woken up successfully
2024-12-09 04:31:26,249 - INFO - Waiting for next cycle...
2024-12-09 08:31:26,344 - ERROR - Failed to wake up API on attempt 1: kraken GET https://api.kraken.com/0/public/Time
2024-12-09 08:31:26,349 - INFO - Retrying in 5 seconds...
2024-12-09 08:31:31,577 - INFO - API woken up successfully
2024-12-09 08:31:32,849 - INFO - Waiting for next cycle...
